<?xml version="1.0" encoding="UTF-8"?>
<!-- Generated by org.testng.reporters.JUnitReportReporter -->
<testsuite hostname="DESKTOP-KK6D3DK" failures="0" tests="1" name="ebay.ebay.TestRunner" time="27.120" errors="0" timestamp="22 May 2020 05:02:48 GMT" skipped="0">
  <testcase classname="ebay.ebay.TestRunner" name="feature" time="27.120"/>
</testsuite> <!-- ebay.ebay.TestRunner -->
